2019/07/01 14:41:21 [INFO] [War] War v2.0.0-RC2 is on.
2019/07/01 14:49:53 [INFO] [War] robert_beckley now has a wand for warzone Lake
2019/07/01 14:50:23 [INFO] [War] robert_beckley created warzone Lake by setting its corner 1
2019/07/01 14:50:39 [INFO] [War] robert_beckley updated warzone Lake by setting its corner 2
2019/07/01 14:50:39 [WARNING] [War] Warzone Lake not found - creating new file. Will not attempt converting legacy War version formats.
2019/07/01 14:50:44 [INFO] [War] Saved 0 blocks in warzone Lake.
2019/07/01 14:50:45 [INFO] [War] robert_beckley saved first version of warzone Lake
2019/07/01 14:56:58 [INFO] [War] robert_beckley created team blue in warzone Lake
2019/07/01 14:58:09 [INFO] [War] robert_beckley created team red in warzone Lake
2019/07/01 15:03:20 [INFO] [War] robert_beckley created team red flag in warzone Lake
2019/07/01 15:03:49 [INFO] [War] robert_beckley moved team red flag in warzone Lake
2019/07/01 15:04:08 [INFO] [War] robert_beckley created team blue flag in warzone Lake
2019/07/01 15:15:39 [INFO] [War] Finished reset cycle for warzone Lake (took 27.18 seconds)
2019/07/01 15:19:16 [INFO] [War] robert_beckley is saving version 2 of warzone Lake
2019/07/01 15:19:20 [INFO] [War] Saved 0 blocks in warzone Lake.
2019/07/01 15:19:25 [INFO] [War] Reset warzone Lake.
2019/07/01 15:20:23 [INFO] [War] robert_beckley created cake Blue in warzone Lake
2019/07/01 15:21:18 [INFO] [War] robert_beckley moved cake Blue in warzone Lake
2019/07/01 15:21:34 [INFO] [War] robert_beckley created cake Red in warzone Lake
2019/07/01 15:22:43 [INFO] [War] robert_beckley created bomb Mid in warzone Lake
2019/07/01 15:24:44 [INFO] [War] robert_beckley deleted bomb Mid in warzone Lake
2019/07/01 15:24:58 [INFO] [War] robert_beckley deleted cake Blue in warzone Lake
2019/07/01 15:25:01 [INFO] [War] robert_beckley deleted cake Red in warzone Lake
2019/07/01 15:25:12 [INFO] [War] robert_beckley created cake Mid in warzone Lake
2019/07/01 15:25:27 [INFO] [War] robert_beckley moved cake Mid in warzone Lake
2019/07/01 15:25:47 [INFO] [War] robert_beckley created the warhub
2019/07/01 15:27:22 [INFO] [War] robert_beckley updated warzone Lake configuration. autoassign set to on
2019/07/01 15:31:29 [INFO] [War] Reset warzone Lake.
2019/07/01 15:31:29 [INFO] [War] robert_beckley updated warzone Lake by setting its corner 2
2019/07/01 15:31:32 [INFO] [War] Saved 0 blocks in warzone Lake.
2019/07/01 15:31:36 [INFO] [War] robert_beckley saved first version of warzone Lake
2019/07/01 15:47:00 [INFO] [War] robert_beckley created warzone Garden by setting its corner 1
2019/07/01 15:48:07 [INFO] [War] robert_beckley updated warzone Garden by setting its corner 1
2019/07/01 15:48:30 [INFO] [War] robert_beckley updated warzone Garden by setting its corner 1
2019/07/01 15:48:54 [INFO] [War] robert_beckley updated warzone Garden by setting its corner 1
2019/07/01 15:50:43 [INFO] [War] RobsAlt created warzone Woods by setting its corner 1
2019/07/01 15:50:43 [INFO] [War] RobsAlt updated warzone Woods by setting its corner 2
2019/07/01 15:50:48 [WARNING] [War] Warzone Woods not found - creating new file. Will not attempt converting legacy War version formats.
2019/07/01 15:50:49 [INFO] [War] Saved 0 blocks in warzone Woods.
2019/07/01 15:50:50 [INFO] [War] RobsAlt saved first version of warzone Woods
2019/07/01 15:50:53 [INFO] [War] Reset warzone Woods.
2019/07/01 15:50:53 [INFO] [War] RobsAlt updated warzone Woods by setting its corner 1
2019/07/01 15:50:54 [INFO] [War] Saved 0 blocks in warzone Woods.
2019/07/01 15:50:55 [INFO] [War] RobsAlt saved first version of warzone Woods
2019/07/01 15:50:55 [INFO] [War] Reset warzone Woods.
2019/07/01 15:50:55 [INFO] [War] RobsAlt updated warzone Woods by setting its corner 2
2019/07/01 15:50:56 [INFO] [War] Saved 0 blocks in warzone Woods.
2019/07/01 15:50:57 [INFO] [War] RobsAlt saved first version of warzone Woods
2019/07/01 15:51:28 [INFO] [War] Disabling War v2.0.0-RC2
2019/07/01 15:51:28 [INFO] [War] Unloading zone Lake...
2019/07/01 15:51:28 [INFO] [War] Unloading zone Woods...
2019/07/01 15:51:28 [INFO] [War] War v2.0.0-RC2 is off.
2019/07/01 15:51:48 [INFO] [War] War v2.0.0-RC2 is on.
2019/07/01 15:51:50 [INFO] [War] Loading zone Lake...
2019/07/01 15:51:50 [INFO] [War] Loading zone Woods...
2019/07/01 15:51:50 [WARNING] [War] File warzone-Woods.yml not found
2019/07/01 15:51:50 [INFO] [War] Warzones ready.
2019/07/01 15:51:51 [INFO] [War] Warhub ready.
2019/07/01 16:11:17 [INFO] [War] robert_beckley now has a wand for warzone Garden
2019/07/01 16:11:19 [INFO] [War] robert_beckley created warzone Garden by setting its corner 1
2019/07/01 16:11:47 [INFO] [War] robert_beckley updated warzone Garden by setting its corner 2
2019/07/01 16:11:47 [WARNING] [War] Warzone Garden not found - creating new file. Will not attempt converting legacy War version formats.
2019/07/01 16:11:53 [INFO] [War] Saved 0 blocks in warzone Garden.
2019/07/01 16:11:54 [INFO] [War] robert_beckley saved first version of warzone Garden
2019/07/01 16:14:39 [INFO] [War] robert_beckley created team red in warzone Garden
2019/07/01 16:15:12 [INFO] [War] robert_beckley created team blue in warzone Garden
2019/07/01 16:24:07 [INFO] [War] robert_beckley created team blue flag in warzone Garden
2019/07/01 16:24:28 [INFO] [War] robert_beckley created team red flag in warzone Garden
2019/07/01 16:27:11 [INFO] [War] robert_beckley is saving version 2 of warzone Garden
2019/07/01 16:27:16 [INFO] [War] Saved 0 blocks in warzone Garden.
2019/07/01 16:27:21 [INFO] [War] Reset warzone Garden.
2019/07/01 16:27:40 [INFO] [War] robert_beckley updated warzone Garden configuration. autoassign set to on
2019/07/01 16:43:07 [INFO] [War] Disabling War v2.0.0-RC2
2019/07/01 16:43:07 [INFO] [War] Unloading zone Lake...
2019/07/01 16:43:07 [INFO] [War] Unloading zone Garden...
2019/07/01 16:43:07 [INFO] [War] War v2.0.0-RC2 is off.
2019/07/01 16:44:15 [INFO] [War] War v2.0.0-RC2 is on.
2019/07/01 16:44:16 [INFO] [War] Loading zone Lake...
2019/07/01 16:44:16 [INFO] [War] Loading zone Garden...
2019/07/01 16:44:16 [INFO] [War] Warzones ready.
2019/07/01 16:44:17 [INFO] [War] Warhub ready.
2019/07/01 16:46:46 [INFO] [War] Disabling War v2.0.0-RC2
2019/07/01 16:46:46 [INFO] [War] Unloading zone Lake...
2019/07/01 16:46:46 [INFO] [War] Unloading zone Garden...
2019/07/01 16:46:46 [INFO] [War] War v2.0.0-RC2 is off.
2019/07/01 16:56:12 [INFO] [War] War v2.0.0-RC2 is on.
2019/07/01 16:56:13 [INFO] [War] Loading zone Lake...
2019/07/01 16:56:14 [INFO] [War] Loading zone Garden...
2019/07/01 16:56:14 [INFO] [War] Warzones ready.
2019/07/01 16:56:14 [INFO] [War] Warhub ready.
2019/07/01 16:58:56 [INFO] [War] robert_beckley now has a wand for warzone Sky
2019/07/01 16:59:07 [INFO] [War] robert_beckley created warzone Sky by setting its corner 1
2019/07/01 16:59:29 [INFO] [War] robert_beckley updated warzone Sky by setting its corner 2
2019/07/01 16:59:30 [WARNING] [War] Warzone Sky not found - creating new file. Will not attempt converting legacy War version formats.
2019/07/01 16:59:35 [INFO] [War] Saved 0 blocks in warzone Sky.
2019/07/01 16:59:36 [INFO] [War] robert_beckley saved first version of warzone Sky
2019/07/01 17:06:34 [INFO] [War] robert_beckley created team red in warzone Sky
2019/07/01 17:07:26 [INFO] [War] robert_beckley created team blue in warzone Sky
2019/07/01 17:08:16 [INFO] [War] robert_beckley created team blue flag in warzone Sky
2019/07/01 17:08:58 [INFO] [War] robert_beckley created team red flag in warzone Sky
2019/07/01 17:36:43 [INFO] [War] robert_beckley is saving version 2 of warzone Sky
2019/07/01 17:36:49 [INFO] [War] Saved 0 blocks in warzone Sky.
2019/07/01 17:36:54 [INFO] [War] Reset warzone Sky.
2019/07/01 18:14:03 [INFO] [War] robert_beckley is saving version 3 of warzone Lake
2019/07/01 18:14:05 [INFO] [War] Saved 0 blocks in warzone Lake.
2019/07/01 18:14:10 [INFO] [War] Reset warzone Lake.
2019/07/01 21:04:44 [INFO] [War] robert_beckley is saving version 3 of warzone Sky
2019/07/01 21:04:50 [INFO] [War] Saved 0 blocks in warzone Sky.
2019/07/01 21:04:56 [INFO] [War] Reset warzone Sky.
2019/07/01 21:05:18 [INFO] [War] robert_beckley is saving version 4 of warzone Sky
2019/07/01 21:05:25 [INFO] [War] Saved 0 blocks in warzone Sky.
2019/07/01 21:05:30 [INFO] [War] Reset warzone Sky.
2019/07/01 21:23:57 [INFO] [War] Finished reset cycle for warzone Sky (took 51.32 seconds)
2019/07/01 22:51:00 [INFO] [War] Disabling War v2.0.0-RC2
2019/07/01 22:51:00 [INFO] [War] Unloading zone Lake...
2019/07/01 22:51:00 [INFO] [War] Unloading zone Garden...
2019/07/01 22:51:00 [INFO] [War] Unloading zone Sky...
2019/07/01 22:51:00 [INFO] [War] War v2.0.0-RC2 is off.
2019/07/01 22:51:20 [WARNING] [War] War data files are taking 77MB and its temp files 159MB. Consider permanently deleting old warzone versions and backups in /plugins/War/temp/.
2019/07/01 22:51:20 [INFO] [War] War v2.0.0-RC2 is on.
2019/07/01 22:51:22 [INFO] [War] Loading zone Lake...
2019/07/01 22:51:22 [INFO] [War] Loading zone Garden...
2019/07/01 22:51:22 [INFO] [War] Loading zone Sky...
2019/07/01 22:51:22 [INFO] [War] Warzones ready.
2019/07/01 22:51:23 [INFO] [War] Warhub ready.
2019/07/02 22:51:00 [INFO] [War] Disabling War v2.0.0-RC2
2019/07/02 22:51:00 [INFO] [War] Unloading zone Lake...
2019/07/02 22:51:00 [INFO] [War] Unloading zone Garden...
2019/07/02 22:51:00 [INFO] [War] Unloading zone Sky...
2019/07/02 22:51:00 [INFO] [War] War v2.0.0-RC2 is off.
2019/07/02 22:51:20 [WARNING] [War] War data files are taking 77MB and its temp files 159MB. Consider permanently deleting old warzone versions and backups in /plugins/War/temp/.
2019/07/02 22:51:20 [INFO] [War] War v2.0.0-RC2 is on.
2019/07/02 22:51:21 [INFO] [War] Loading zone Lake...
2019/07/02 22:51:22 [INFO] [War] Loading zone Garden...
2019/07/02 22:51:22 [INFO] [War] Loading zone Sky...
2019/07/02 22:51:22 [INFO] [War] Warzones ready.
2019/07/02 22:51:22 [INFO] [War] Warhub ready.
2019/07/03 22:51:00 [INFO] [War] Disabling War v2.0.0-RC2
2019/07/03 22:51:00 [INFO] [War] Unloading zone Lake...
2019/07/03 22:51:00 [INFO] [War] Unloading zone Garden...
2019/07/03 22:51:00 [INFO] [War] Unloading zone Sky...
2019/07/03 22:51:00 [INFO] [War] War v2.0.0-RC2 is off.
2019/07/03 22:51:21 [WARNING] [War] War data files are taking 77MB and its temp files 159MB. Consider permanently deleting old warzone versions and backups in /plugins/War/temp/.
2019/07/03 22:51:21 [INFO] [War] War v2.0.0-RC2 is on.
2019/07/03 22:51:22 [INFO] [War] Loading zone Lake...
2019/07/03 22:51:23 [INFO] [War] Loading zone Garden...
2019/07/03 22:51:23 [INFO] [War] Loading zone Sky...
2019/07/03 22:51:23 [INFO] [War] Warzones ready.
2019/07/03 22:51:23 [INFO] [War] Warhub ready.
2019/07/04 22:51:00 [INFO] [War] Disabling War v2.0.0-RC2
2019/07/04 22:51:00 [INFO] [War] Unloading zone Lake...
2019/07/04 22:51:00 [INFO] [War] Unloading zone Garden...
2019/07/04 22:51:00 [INFO] [War] Unloading zone Sky...
2019/07/04 22:51:00 [INFO] [War] War v2.0.0-RC2 is off.
2019/07/04 22:51:21 [WARNING] [War] War data files are taking 77MB and its temp files 159MB. Consider permanently deleting old warzone versions and backups in /plugins/War/temp/.
2019/07/04 22:51:21 [INFO] [War] War v2.0.0-RC2 is on.
2019/07/04 22:51:23 [INFO] [War] Loading zone Lake...
2019/07/04 22:51:23 [INFO] [War] Loading zone Garden...
2019/07/04 22:51:23 [INFO] [War] Loading zone Sky...
2019/07/04 22:51:23 [INFO] [War] Warzones ready.
2019/07/04 22:51:24 [INFO] [War] Warhub ready.
2019/07/05 22:51:00 [INFO] [War] Disabling War v2.0.0-RC2
2019/07/05 22:51:00 [INFO] [War] Unloading zone Lake...
2019/07/05 22:51:00 [INFO] [War] Unloading zone Garden...
2019/07/05 22:51:00 [INFO] [War] Unloading zone Sky...
2019/07/05 22:51:00 [INFO] [War] War v2.0.0-RC2 is off.
2019/07/05 22:51:22 [WARNING] [War] War data files are taking 77MB and its temp files 159MB. Consider permanently deleting old warzone versions and backups in /plugins/War/temp/.
2019/07/05 22:51:22 [INFO] [War] War v2.0.0-RC2 is on.
2019/07/05 22:51:24 [INFO] [War] Loading zone Lake...
2019/07/05 22:51:24 [INFO] [War] Loading zone Garden...
2019/07/05 22:51:24 [INFO] [War] Loading zone Sky...
2019/07/05 22:51:24 [INFO] [War] Warzones ready.
2019/07/05 22:51:25 [INFO] [War] Warhub ready.
2019/07/06 22:51:00 [INFO] [War] Disabling War v2.0.0-RC2
2019/07/06 22:51:00 [INFO] [War] Unloading zone Lake...
2019/07/06 22:51:00 [INFO] [War] Unloading zone Garden...
2019/07/06 22:51:00 [INFO] [War] Unloading zone Sky...
2019/07/06 22:51:00 [INFO] [War] War v2.0.0-RC2 is off.
2019/07/06 22:51:20 [WARNING] [War] War data files are taking 77MB and its temp files 159MB. Consider permanently deleting old warzone versions and backups in /plugins/War/temp/.
2019/07/06 22:51:20 [INFO] [War] War v2.0.0-RC2 is on.
2019/07/06 22:51:21 [INFO] [War] Loading zone Lake...
2019/07/06 22:51:22 [INFO] [War] Loading zone Garden...
2019/07/06 22:51:22 [INFO] [War] Loading zone Sky...
2019/07/06 22:51:22 [INFO] [War] Warzones ready.
2019/07/06 22:51:22 [INFO] [War] Warhub ready.
2019/07/07 22:51:00 [INFO] [War] Disabling War v2.0.0-RC2
2019/07/07 22:51:00 [INFO] [War] Unloading zone Lake...
2019/07/07 22:51:00 [INFO] [War] Unloading zone Garden...
2019/07/07 22:51:00 [INFO] [War] Unloading zone Sky...
2019/07/07 22:51:00 [INFO] [War] War v2.0.0-RC2 is off.
2019/07/07 22:51:21 [WARNING] [War] War data files are taking 77MB and its temp files 159MB. Consider permanently deleting old warzone versions and backups in /plugins/War/temp/.
2019/07/07 22:51:21 [INFO] [War] War v2.0.0-RC2 is on.
2019/07/07 22:51:23 [INFO] [War] Loading zone Lake...
2019/07/07 22:51:23 [INFO] [War] Loading zone Garden...
2019/07/07 22:51:23 [INFO] [War] Loading zone Sky...
2019/07/07 22:51:23 [INFO] [War] Warzones ready.
2019/07/07 22:51:24 [INFO] [War] Warhub ready.
2019/07/08 18:37:35 [INFO] [War] Unloading zone Lake...
2019/07/08 18:37:36 [INFO] [War] Reset warzone Lake.
2019/07/08 18:37:36 [INFO] [War] Warzone Lake removed by robert_beckley.
2019/07/08 18:38:52 [INFO] [War] robert_beckley now has a wand for warzone Lake
2019/07/08 18:39:29 [INFO] [War] robert_beckley created warzone Lake by setting its corner 1
2019/07/08 18:39:54 [INFO] [War] robert_beckley updated warzone Lake by setting its corner 2
2019/07/08 18:39:55 [WARNING] [War] Warzone Lake not found - creating new file. Will not attempt converting legacy War version formats.
2019/07/08 18:40:01 [INFO] [War] Saved 0 blocks in warzone Lake.
2019/07/08 18:40:02 [INFO] [War] robert_beckley saved first version of warzone Lake
2019/07/08 18:41:10 [INFO] [War] robert_beckley created team red in warzone Lake
2019/07/08 18:41:32 [INFO] [War] robert_beckley created team blue in warzone Lake
2019/07/08 18:42:11 [INFO] [War] robert_beckley created team red flag in warzone Lake
2019/07/08 18:42:29 [INFO] [War] robert_beckley created team blue flag in warzone Lake
2019/07/08 18:42:43 [INFO] [War] robert_beckley moved team blue flag in warzone Lake
2019/07/08 18:42:58 [INFO] [War] robert_beckley created cake Mid in warzone Lake
2019/07/08 18:45:05 [INFO] [War] robert_beckley is saving version 4 of warzone Lake
2019/07/08 18:45:09 [INFO] [War] Saved 0 blocks in warzone Lake.
2019/07/08 18:45:16 [INFO] [War] Reset warzone Lake.
2019/07/08 22:51:00 [INFO] [War] Disabling War v2.0.0-RC2
2019/07/08 22:51:00 [INFO] [War] Unloading zone Garden...
2019/07/08 22:51:00 [INFO] [War] Unloading zone Sky...
2019/07/08 22:51:00 [INFO] [War] Unloading zone Lake...
2019/07/08 22:51:00 [INFO] [War] War v2.0.0-RC2 is off.
2019/07/08 22:51:20 [WARNING] [War] War data files are taking 81MB and its temp files 208MB. Consider permanently deleting old warzone versions and backups in /plugins/War/temp/.
2019/07/08 22:51:20 [INFO] [War] War v2.0.0-RC2 is on.
2019/07/08 22:51:21 [INFO] [War] Loading zone Garden...
2019/07/08 22:51:22 [INFO] [War] Loading zone Sky...
2019/07/08 22:51:22 [INFO] [War] Loading zone Lake...
2019/07/08 22:51:22 [INFO] [War] Warzones ready.
2019/07/08 22:51:22 [INFO] [War] Warhub ready.
2019/07/09 07:29:35 [INFO] [War] Finished reset cycle for warzone Garden (took 40.48 seconds)
2019/07/09 22:51:00 [INFO] [War] Disabling War v2.0.0-RC2
2019/07/09 22:51:00 [INFO] [War] Unloading zone Garden...
2019/07/09 22:51:00 [INFO] [War] Unloading zone Sky...
2019/07/09 22:51:00 [INFO] [War] Unloading zone Lake...
2019/07/09 22:51:00 [INFO] [War] War v2.0.0-RC2 is off.
2019/07/09 22:51:20 [WARNING] [War] War data files are taking 81MB and its temp files 208MB. Consider permanently deleting old warzone versions and backups in /plugins/War/temp/.
2019/07/09 22:51:20 [INFO] [War] War v2.0.0-RC2 is on.
2019/07/09 22:51:22 [INFO] [War] Loading zone Garden...
2019/07/09 22:51:22 [INFO] [War] Loading zone Sky...
2019/07/09 22:51:22 [INFO] [War] Loading zone Lake...
2019/07/09 22:51:22 [INFO] [War] Warzones ready.
2019/07/09 22:51:23 [INFO] [War] Warhub ready.
2019/07/10 17:05:48 [INFO] [War] robert_beckley is saving version 3 of warzone Garden
2019/07/10 17:05:55 [INFO] [War] Saved 0 blocks in warzone Garden.
2019/07/10 17:06:01 [INFO] [War] Reset warzone Garden.
2019/07/10 17:13:40 [INFO] [War] Disabling War v2.0.0-RC2
2019/07/10 17:13:40 [INFO] [War] Unloading zone Garden...
2019/07/10 17:13:40 [INFO] [War] Unloading zone Sky...
2019/07/10 17:13:40 [INFO] [War] Unloading zone Lake...
2019/07/10 17:13:40 [INFO] [War] War v2.0.0-RC2 is off.
2019/07/10 17:14:16 [WARNING] [War] War data files are taking 81MB and its temp files 234MB. Consider permanently deleting old warzone versions and backups in /plugins/War/temp/.
2019/07/10 17:14:16 [INFO] [War] War v2.0.0-RC2 is on.
2019/07/10 17:14:17 [INFO] [War] Loading zone Garden...
2019/07/10 17:14:17 [INFO] [War] Loading zone Sky...
2019/07/10 17:14:17 [INFO] [War] Loading zone Lake...
2019/07/10 17:14:17 [INFO] [War] Warzones ready.
2019/07/10 17:14:18 [INFO] [War] Warhub ready.
2019/07/10 22:51:00 [INFO] [War] Disabling War v2.0.0-RC2
2019/07/10 22:51:00 [INFO] [War] Unloading zone Garden...
2019/07/10 22:51:00 [INFO] [War] Unloading zone Sky...
2019/07/10 22:51:00 [INFO] [War] Unloading zone Lake...
2019/07/10 22:51:00 [INFO] [War] War v2.0.0-RC2 is off.
2019/07/10 22:51:24 [WARNING] [War] War data files are taking 81MB and its temp files 234MB. Consider permanently deleting old warzone versions and backups in /plugins/War/temp/.
2019/07/10 22:51:24 [INFO] [War] War v2.0.0-RC2 is on.
2019/07/10 22:51:26 [INFO] [War] Loading zone Garden...
2019/07/10 22:51:26 [INFO] [War] Loading zone Sky...
2019/07/10 22:51:26 [INFO] [War] Loading zone Lake...
2019/07/10 22:51:26 [INFO] [War] Warzones ready.
2019/07/10 22:51:27 [INFO] [War] Warhub ready.
2019/07/11 22:51:00 [INFO] [War] Disabling War v2.0.0-RC2
2019/07/11 22:51:00 [INFO] [War] Unloading zone Garden...
2019/07/11 22:51:00 [INFO] [War] Unloading zone Sky...
2019/07/11 22:51:00 [INFO] [War] Unloading zone Lake...
2019/07/11 22:51:00 [INFO] [War] War v2.0.0-RC2 is off.
2019/07/11 22:51:21 [WARNING] [War] War data files are taking 81MB and its temp files 234MB. Consider permanently deleting old warzone versions and backups in /plugins/War/temp/.
2019/07/11 22:51:21 [INFO] [War] War v2.0.0-RC2 is on.
2019/07/11 22:51:22 [INFO] [War] Loading zone Garden...
2019/07/11 22:51:23 [INFO] [War] Loading zone Sky...
2019/07/11 22:51:23 [INFO] [War] Loading zone Lake...
2019/07/11 22:51:23 [INFO] [War] Warzones ready.
2019/07/11 22:51:23 [INFO] [War] Warhub ready.
2019/07/12 22:51:00 [INFO] [War] Disabling War v2.0.0-RC2
2019/07/12 22:51:00 [INFO] [War] Unloading zone Garden...
2019/07/12 22:51:00 [INFO] [War] Unloading zone Sky...
2019/07/12 22:51:00 [INFO] [War] Unloading zone Lake...
2019/07/12 22:51:00 [INFO] [War] War v2.0.0-RC2 is off.
2019/07/12 22:51:25 [WARNING] [War] War data files are taking 81MB and its temp files 234MB. Consider permanently deleting old warzone versions and backups in /plugins/War/temp/.
2019/07/12 22:51:25 [INFO] [War] War v2.0.0-RC2 is on.
2019/07/12 22:51:27 [INFO] [War] Loading zone Garden...
2019/07/12 22:51:27 [INFO] [War] Loading zone Sky...
2019/07/12 22:51:27 [INFO] [War] Loading zone Lake...
2019/07/12 22:51:27 [INFO] [War] Warzones ready.
2019/07/12 22:51:28 [INFO] [War] Warhub ready.
2019/07/13 22:51:00 [INFO] [War] Disabling War v2.0.0-RC2
2019/07/13 22:51:00 [INFO] [War] Unloading zone Garden...
2019/07/13 22:51:00 [INFO] [War] Unloading zone Sky...
2019/07/13 22:51:00 [INFO] [War] Unloading zone Lake...
2019/07/13 22:51:00 [INFO] [War] War v2.0.0-RC2 is off.
2019/07/13 22:51:22 [WARNING] [War] War data files are taking 81MB and its temp files 234MB. Consider permanently deleting old warzone versions and backups in /plugins/War/temp/.
2019/07/13 22:51:22 [INFO] [War] War v2.0.0-RC2 is on.
2019/07/13 22:51:23 [INFO] [War] Loading zone Garden...
2019/07/13 22:51:24 [INFO] [War] Loading zone Sky...
2019/07/13 22:51:24 [INFO] [War] Loading zone Lake...
2019/07/13 22:51:24 [INFO] [War] Warzones ready.
2019/07/13 22:51:24 [INFO] [War] Warhub ready.
2019/07/14 22:51:00 [INFO] [War] Disabling War v2.0.0-RC2
2019/07/14 22:51:00 [INFO] [War] Unloading zone Garden...
2019/07/14 22:51:00 [INFO] [War] Unloading zone Sky...
2019/07/14 22:51:00 [INFO] [War] Unloading zone Lake...
2019/07/14 22:51:00 [INFO] [War] War v2.0.0-RC2 is off.
2019/07/14 22:51:25 [WARNING] [War] War data files are taking 81MB and its temp files 234MB. Consider permanently deleting old warzone versions and backups in /plugins/War/temp/.
2019/07/14 22:51:25 [INFO] [War] War v2.0.0-RC2 is on.
2019/07/14 22:51:27 [INFO] [War] Loading zone Garden...
2019/07/14 22:51:27 [INFO] [War] Loading zone Sky...
2019/07/14 22:51:27 [INFO] [War] Loading zone Lake...
2019/07/14 22:51:27 [INFO] [War] Warzones ready.
2019/07/14 22:51:28 [INFO] [War] Warhub ready.
2019/07/15 22:51:00 [INFO] [War] Disabling War v2.0.0-RC2
2019/07/15 22:51:00 [INFO] [War] Unloading zone Garden...
2019/07/15 22:51:00 [INFO] [War] Unloading zone Sky...
2019/07/15 22:51:00 [INFO] [War] Unloading zone Lake...
2019/07/15 22:51:00 [INFO] [War] War v2.0.0-RC2 is off.
2019/07/15 22:51:23 [WARNING] [War] War data files are taking 81MB and its temp files 234MB. Consider permanently deleting old warzone versions and backups in /plugins/War/temp/.
2019/07/15 22:51:23 [INFO] [War] War v2.0.0-RC2 is on.
2019/07/15 22:51:25 [INFO] [War] Loading zone Garden...
2019/07/15 22:51:25 [INFO] [War] Loading zone Sky...
2019/07/15 22:51:25 [INFO] [War] Loading zone Lake...
2019/07/15 22:51:25 [INFO] [War] Warzones ready.
2019/07/15 22:51:26 [INFO] [War] Warhub ready.
2019/07/16 05:59:58 [WARNING] [War] War data files are taking 81MB and its temp files 234MB. Consider permanently deleting old warzone versions and backups in /plugins/War/temp/.
2019/07/16 05:59:58 [INFO] [War] War v2.0.0-RC2 is on.
2019/07/16 06:00:00 [INFO] [War] Loading zone Garden...
2019/07/16 06:00:00 [INFO] [War] Loading zone Sky...
2019/07/16 06:00:00 [INFO] [War] Loading zone Lake...
2019/07/16 06:00:00 [INFO] [War] Warzones ready.
2019/07/16 06:00:01 [INFO] [War] Warhub ready.
